2003.02.24 12:01 B C:\My Documents\Websites\Margee Website\images\artist_01.gif --> ftp-www.earthlink.net /webdocs/images artist_01.gif
2003.02.24 12:01 B C:\My Documents\Websites\Margee Website\images\artist_02.gif --> ftp-www.earthlink.net /webdocs/images artist_02.gif
2003.02.24 12:01 B C:\My Documents\Websites\Margee Website\images\artist_03.gif --> ftp-www.earthlink.net /webdocs/images artist_03.gif
2003.02.24 12:01 B C:\My Documents\Websites\Margee Website\images\artist_04.gif --> ftp-www.earthlink.net /webdocs/images artist_04.gif
2003.02.24 12:01 B C:\My Documents\Websites\Margee Website\images\artist_05.gif --> ftp-www.earthlink.net /webdocs/images artist_05.gif
2003.02.24 12:01 B C:\My Documents\Websites\Margee Website\images\artist_06.gif --> ftp-www.earthlink.net /webdocs/images artist_06.gif
2003.02.24 12:01 B C:\My Documents\Websites\Margee Website\images\desktop.ini --> ftp-www.earthlink.net /webdocs/images desktop.ini
2003.02.24 12:01 B C:\My Documents\Websites\Margee Website\images\folder.htt --> ftp-www.earthlink.net /webdocs/images folder.htt
2003.02.24 12:01 B C:\My Documents\Websites\Margee Website\images\index_01.gif --> ftp-www.earthlink.net /webdocs/images index_01.gif
2003.02.24 12:01 B C:\My Documents\Websites\Margee Website\images\index_02.gif --> ftp-www.earthlink.net /webdocs/images index_02.gif
2003.02.24 12:01 B C:\My Documents\Websites\Margee Website\images\index_03.gif --> ftp-www.earthlink.net /webdocs/images index_03.gif
2003.02.24 12:01 B C:\My Documents\Websites\Margee Website\images\index_04.gif --> ftp-www.earthlink.net /webdocs/images index_04.gif
2003.02.24 12:01 B C:\My Documents\Websites\Margee Website\images\spacer.gif --> ftp-www.earthlink.net /webdocs/images spacer.gif
2003.02.24 12:01 B C:\My Documents\Websites\Margee Website\images\sweeney_artist_01.gif --> ftp-www.earthlink.net /webdocs/images sweeney_artist_01.gif
2003.02.24 12:01 B C:\My Documents\Websites\Margee Website\images\sweeney_artist_02.gif --> ftp-www.earthlink.net /webdocs/images sweeney_artist_02.gif
2003.02.24 12:01 B C:\My Documents\Websites\Margee Website\images\sweeney_artist_03.gif --> ftp-www.earthlink.net /webdocs/images sweeney_artist_03.gif
2003.02.24 12:01 B C:\My Documents\Websites\Margee Website\images\sweeney_artist_04.gif --> ftp-www.earthlink.net /webdocs/images sweeney_artist_04.gif
2003.02.24 12:01 B C:\My Documents\Websites\Margee Website\images\sweeney_artwork_new_01.gif --> ftp-www.earthlink.net /webdocs/images sweeney_artwork_new_01.gif
2003.02.24 12:02 B C:\My Documents\Websites\Margee Website\images\sweeney_artwork_new_02.gif --> ftp-www.earthlink.net /webdocs/images sweeney_artwork_new_02.gif
2003.02.24 12:02 B C:\My Documents\Websites\Margee Website\images\sweeney_artwork_new_03.gif --> ftp-www.earthlink.net /webdocs/images sweeney_artwork_new_03.gif
2003.02.24 12:02 B C:\My Documents\Websites\Margee Website\images\sweeney_artwork_new_04.gif --> ftp-www.earthlink.net /webdocs/images sweeney_artwork_new_04.gif
2006.01.05 09:20 B C:\My Documents\Websites\Margee Website\images\1sweeney_artwork_new_01.gif --> ftp-www.earthlink.net /webdocs/images 1sweeney_artwork_new_01.gif
2006.01.05 09:20 B C:\My Documents\Websites\Margee Website\images\1sweeney_artwork_new_02.gif --> ftp-www.earthlink.net /webdocs/images 1sweeney_artwork_new_02.gif
2006.01.05 09:20 B C:\My Documents\Websites\Margee Website\images\1sweeney_artwork_new_03.gif --> ftp-www.earthlink.net /webdocs/images 1sweeney_artwork_new_03.gif
2006.01.05 09:20 B C:\My Documents\Websites\Margee Website\images\1sweeney_artwork_new_04.gif --> ftp-www.earthlink.net /webdocs/images 1sweeney_artwork_new_04.gif
2006.01.05 09:20 B C:\My Documents\Websites\Margee Website\images\1sweeney_artwork_new_05.gif --> ftp-www.earthlink.net /webdocs/images 1sweeney_artwork_new_05.gif
2006.01.05 09:20 B C:\My Documents\Websites\Margee Website\images\etchings_bg.gif --> ftp-www.earthlink.net /webdocs/images etchings_bg.gif
2006.01.05 09:20 B C:\My Documents\Websites\Margee Website\images\line.gif --> ftp-www.earthlink.net /webdocs/images line.gif
2006.01.05 09:20 B C:\My Documents\Websites\Margee Website\images\ruler1.gif --> ftp-www.earthlink.net /webdocs/images ruler1.gif
